$**************  SCADETOC Version 19.2 (build 20180628) **************
** Generation date: 2020-02-07T16:46:37
** Command: scade -code "J:\Modelisation_Surveillance\Modelisation_Surveillance_MTC_INST\KCG\Modelisation_Surveillance_MTC_INST.etp" -conf KCG -build -all
*************************************************************$
*** Generated Files Information (GENFIL): KCG- Generated files
  at file J:\Modelisation_Surveillance\Modelisation_Surveillance_MTC_INST\KCG\KCG\mapping.xml, line 0, character 0
 ~mapping.xml
  at file J:\Modelisation_Surveillance\Modelisation_Surveillance_MTC_INST\KCG\KCG\kcg_metrics.txt, line 0, character 0
 ~kcg_metrics.txt
  at file J:\Modelisation_Surveillance\Modelisation_Surveillance_MTC_INST\KCG\KCG\Controller.c, line 0, character 0
 ~Controller.c
  at file J:\Modelisation_Surveillance\Modelisation_Surveillance_MTC_INST\KCG\KCG\_3_GenericInputChanged_MTC_Utils_float64310.dc, line 0, character 0
 ~_3_GenericInputChanged_MTC_Utils_float64310.dc
  at file J:\Modelisation_Surveillance\Modelisation_Surveillance_MTC_INST\KCG\KCG\Push_Table.c, line 0, character 0
 ~Push_Table.c
  at file J:\Modelisation_Surveillance\Modelisation_Surveillance_MTC_INST\KCG\KCG\Mean_10_Table.c, line 0, character 0
 ~Mean_10_Table.c
  at file J:\Modelisation_Surveillance\Modelisation_Surveillance_MTC_INST\KCG\KCG\_2_GenericInputChanged_MTC_Utils_float643.dc, line 0, character 0
 ~_2_GenericInputChanged_MTC_Utils_float643.dc
  at file J:\Modelisation_Surveillance\Modelisation_Surveillance_MTC_INST\KCG\KCG\Vote_Alog.c, line 0, character 0
 ~Vote_Alog.c
  at file J:\Modelisation_Surveillance\Modelisation_Surveillance_MTC_INST\KCG\KCG\LATCHALL12_MTC.dc, line 0, character 0
 ~LATCHALL12_MTC.dc
  at file J:\Modelisation_Surveillance\Modelisation_Surveillance_MTC_INST\KCG\KCG\Calculated_value.c, line 0, character 0
 ~Calculated_value.c
  at file J:\Modelisation_Surveillance\Modelisation_Surveillance_MTC_INST\KCG\KCG\LATCHALL05_MTC.dc, line 0, character 0
 ~LATCHALL05_MTC.dc
  at file J:\Modelisation_Surveillance\Modelisation_Surveillance_MTC_INST\KCG\KCG\GenericInputChanged_MTC_Utils_float64.dc, line 0, character 0
 ~GenericInputChanged_MTC_Utils_float64.dc
  at file J:\Modelisation_Surveillance\Modelisation_Surveillance_MTC_INST\KCG\KCG\Check_Delta_3.c, line 0, character 0
 ~Check_Delta_3.c
  at file J:\Modelisation_Surveillance\Modelisation_Surveillance_MTC_INST\KCG\KCG\LATCHALL07_MTC.dc, line 0, character 0
 ~LATCHALL07_MTC.dc
  at file J:\Modelisation_Surveillance\Modelisation_Surveillance_MTC_INST\KCG\KCG\LATCHALL03_MTC.dc, line 0, character 0
 ~LATCHALL03_MTC.dc
  at file J:\Modelisation_Surveillance\Modelisation_Surveillance_MTC_INST\KCG\KCG\LATCHALL06_MTC.dc, line 0, character 0
 ~LATCHALL06_MTC.dc
  at file J:\Modelisation_Surveillance\Modelisation_Surveillance_MTC_INST\KCG\KCG\LATCHALL01_MTC.dc, line 0, character 0
 ~LATCHALL01_MTC.dc
  at file J:\Modelisation_Surveillance\Modelisation_Surveillance_MTC_INST\KCG\KCG\Check_interval_pH.c, line 0, character 0
 ~Check_interval_pH.c
  at file J:\Modelisation_Surveillance\Modelisation_Surveillance_MTC_INST\KCG\KCG\Check_interval_Temperature.c, line 0, character 0
 ~Check_interval_Temperature.c
  at file J:\Modelisation_Surveillance\Modelisation_Surveillance_MTC_INST\KCG\KCG\Check_interval_Redox.c, line 0, character 0
 ~Check_interval_Redox.c
  at file J:\Modelisation_Surveillance\Modelisation_Surveillance_MTC_INST\KCG\KCG\LATCHALL04_MTC.dc, line 0, character 0
 ~LATCHALL04_MTC.dc
  at file J:\Modelisation_Surveillance\Modelisation_Surveillance_MTC_INST\KCG\KCG\LATCHALL02_MTC.dc, line 0, character 0
 ~LATCHALL02_MTC.dc
  at file J:\Modelisation_Surveillance\Modelisation_Surveillance_MTC_INST\KCG\KCG\Controller.h, line 0, character 0
 ~Controller.h
  at file J:\Modelisation_Surveillance\Modelisation_Surveillance_MTC_INST\KCG\KCG\_3_GenericInputChanged_MTC_Utils_float64310.dh, line 0, character 0
 ~_3_GenericInputChanged_MTC_Utils_float64310.dh
  at file J:\Modelisation_Surveillance\Modelisation_Surveillance_MTC_INST\KCG\KCG\Push_Table.h, line 0, character 0
 ~Push_Table.h
  at file J:\Modelisation_Surveillance\Modelisation_Surveillance_MTC_INST\KCG\KCG\Mean_10_Table.h, line 0, character 0
 ~Mean_10_Table.h
  at file J:\Modelisation_Surveillance\Modelisation_Surveillance_MTC_INST\KCG\KCG\_2_GenericInputChanged_MTC_Utils_float643.dh, line 0, character 0
 ~_2_GenericInputChanged_MTC_Utils_float643.dh
  at file J:\Modelisation_Surveillance\Modelisation_Surveillance_MTC_INST\KCG\KCG\Vote_Alog.h, line 0, character 0
 ~Vote_Alog.h
  at file J:\Modelisation_Surveillance\Modelisation_Surveillance_MTC_INST\KCG\KCG\LATCHALL12_MTC.dh, line 0, character 0
 ~LATCHALL12_MTC.dh
  at file J:\Modelisation_Surveillance\Modelisation_Surveillance_MTC_INST\KCG\KCG\Calculated_value.h, line 0, character 0
 ~Calculated_value.h
  at file J:\Modelisation_Surveillance\Modelisation_Surveillance_MTC_INST\KCG\KCG\LATCHALL05_MTC.dh, line 0, character 0
 ~LATCHALL05_MTC.dh
  at file J:\Modelisation_Surveillance\Modelisation_Surveillance_MTC_INST\KCG\KCG\GenericInputChanged_MTC_Utils_float64.dh, line 0, character 0
 ~GenericInputChanged_MTC_Utils_float64.dh
  at file J:\Modelisation_Surveillance\Modelisation_Surveillance_MTC_INST\KCG\KCG\Check_Delta_3.h, line 0, character 0
 ~Check_Delta_3.h
  at file J:\Modelisation_Surveillance\Modelisation_Surveillance_MTC_INST\KCG\KCG\LATCHALL07_MTC.dh, line 0, character 0
 ~LATCHALL07_MTC.dh
  at file J:\Modelisation_Surveillance\Modelisation_Surveillance_MTC_INST\KCG\KCG\LATCHALL03_MTC.dh, line 0, character 0
 ~LATCHALL03_MTC.dh
  at file J:\Modelisation_Surveillance\Modelisation_Surveillance_MTC_INST\KCG\KCG\LATCHALL06_MTC.dh, line 0, character 0
 ~LATCHALL06_MTC.dh
  at file J:\Modelisation_Surveillance\Modelisation_Surveillance_MTC_INST\KCG\KCG\LATCHALL01_MTC.dh, line 0, character 0
 ~LATCHALL01_MTC.dh
  at file J:\Modelisation_Surveillance\Modelisation_Surveillance_MTC_INST\KCG\KCG\Check_interval_pH.h, line 0, character 0
 ~Check_interval_pH.h
  at file J:\Modelisation_Surveillance\Modelisation_Surveillance_MTC_INST\KCG\KCG\Check_interval_Temperature.h, line 0, character 0
 ~Check_interval_Temperature.h
  at file J:\Modelisation_Surveillance\Modelisation_Surveillance_MTC_INST\KCG\KCG\Check_interval_Redox.h, line 0, character 0
 ~Check_interval_Redox.h
  at file J:\Modelisation_Surveillance\Modelisation_Surveillance_MTC_INST\KCG\KCG\LATCHALL04_MTC.dh, line 0, character 0
 ~LATCHALL04_MTC.dh
  at file J:\Modelisation_Surveillance\Modelisation_Surveillance_MTC_INST\KCG\KCG\LATCHALL02_MTC.dh, line 0, character 0
 ~LATCHALL02_MTC.dh
  at file J:\Modelisation_Surveillance\Modelisation_Surveillance_MTC_INST\KCG\KCG\kcg_types.h, line 0, character 0
 ~kcg_types.h
  at file J:\Modelisation_Surveillance\Modelisation_Surveillance_MTC_INST\KCG\KCG\kcg_consts.h, line 0, character 0
 ~kcg_consts.h
  at file J:\Modelisation_Surveillance\Modelisation_Surveillance_MTC_INST\KCG\KCG\kcg_sensors.h, line 0, character 0
 ~kcg_sensors.h
  at file J:\Modelisation_Surveillance\Modelisation_Surveillance_MTC_INST\KCG\KCG\kcg_imported_types.dh, line 0, character 0
 ~kcg_imported_types.dh
  at file J:\Modelisation_Surveillance\Modelisation_Surveillance_MTC_INST\KCG\KCG\kcg_init.h, line 0, character 0
 ~kcg_init.h
  at file J:\Modelisation_Surveillance\Modelisation_Surveillance_MTC_INST\KCG\KCG\kcg_types.c, line 0, character 0
 ~kcg_types.c
  at file J:\Modelisation_Surveillance\Modelisation_Surveillance_MTC_INST\KCG\KCG\kcg_consts.c, line 0, character 0
 ~kcg_consts.c
  at file J:\Modelisation_Surveillance\Modelisation_Surveillance_MTC_INST\KCG\KCG\kcg_xml_filter_out.scade, line 0, character 0
 ~kcg_xml_filter_out.scade
  at file J:\Modelisation_Surveillance\Modelisation_Surveillance_MTC_INST\KCG\KCG\config.txt, line 0, character 0
 ~config.txt
*** Generated Files Information (GENFIL): Code Generator Generated files
  at file J:\Modelisation_Surveillance\Modelisation_Surveillance_MTC_INST\KCG\KCG\user_macros.h, line 0, character 0
 ~user_macros.h
  at file J:\Modelisation_Surveillance\Modelisation_Surveillance_MTC_INST\KCG\KCG\kcg_imported_types.h, line 0, character 0
 ~kcg_imported_types.h
  at file J:\Modelisation_Surveillance\Modelisation_Surveillance_MTC_INST\KCG\KCG\sc2c.log, line 0, character 0
 ~sc2c.log
  at file J:\Modelisation_Surveillance\Modelisation_Surveillance_MTC_INST\KCG\KCG\sc2c_integration_files.txt, line 0, character 0
 ~sc2c_integration_files.txt
*** Generated Files Information (GENFIL): Type Utils Generated files
  at file J:\Modelisation_Surveillance\Modelisation_Surveillance_MTC_INST\KCG\KCG\Modelisation_Surveillance_MTC_INST_type.h, line 0, character 0
 ~Modelisation_Surveillance_MTC_INST_type.h
  at file J:\Modelisation_Surveillance\Modelisation_Surveillance_MTC_INST\KCG\KCG\Modelisation_Surveillance_MTC_INST_type.c, line 0, character 0
 ~Modelisation_Surveillance_MTC_INST_type.c
*** Generated Files Information (GENFIL): Mapping Utils Generated files
  at file J:\Modelisation_Surveillance\Modelisation_Surveillance_MTC_INST\KCG\KCG\Modelisation_Surveillance_MTC_INST_mapping.h, line 0, character 0
 ~Modelisation_Surveillance_MTC_INST_mapping.h
  at file J:\Modelisation_Surveillance\Modelisation_Surveillance_MTC_INST\KCG\KCG\Modelisation_Surveillance_MTC_INST_mapping.c, line 0, character 0
 ~Modelisation_Surveillance_MTC_INST_mapping.c
*** Generated Files Information (GENFIL): Simulator Generated files
  at file J:\Modelisation_Surveillance\Modelisation_Surveillance_MTC_INST\KCG\KCG\Modelisation_Surveillance_MTC_INST_interface.h, line 0, character 0
 ~Modelisation_Surveillance_MTC_INST_interface.h
  at file J:\Modelisation_Surveillance\Modelisation_Surveillance_MTC_INST\KCG\KCG\Modelisation_Surveillance_MTC_INST_interface.c, line 0, character 0
 ~Modelisation_Surveillance_MTC_INST_interface.c
  at file J:\Modelisation_Surveillance\Modelisation_Surveillance_MTC_INST\KCG\KCG\Modelisation_Surveillance_MTC_INST_dll.c, line 0, character 0
 ~Modelisation_Surveillance_MTC_INST_dll.c
*** Generated Files Information (GENFIL): MTC Instrumenter Generated files
  at file J:\Modelisation_Surveillance\Modelisation_Surveillance_MTC_INST\KCG\KCG\GenericInputChanged_MTC_Utils_float64.h, line 0, character 0
 ~J:\Modelisation_Surveillance\Modelisation_Surveillance_MTC_INST\KCG\KCG\GenericInputChanged_MTC_Utils_float64.h
  at file J:\Modelisation_Surveillance\Modelisation_Surveillance_MTC_INST\KCG\KCG\_2_GenericInputChanged_MTC_Utils_float643.h, line 0, character 0
 ~J:\Modelisation_Surveillance\Modelisation_Surveillance_MTC_INST\KCG\KCG\_2_GenericInputChanged_MTC_Utils_float643.h
  at file J:\Modelisation_Surveillance\Modelisation_Surveillance_MTC_INST\KCG\KCG\_3_GenericInputChanged_MTC_Utils_float64310.h, line 0, character 0
 ~J:\Modelisation_Surveillance\Modelisation_Surveillance_MTC_INST\KCG\KCG\_3_GenericInputChanged_MTC_Utils_float64310.h
  at file J:\Modelisation_Surveillance\Modelisation_Surveillance_MTC_INST\KCG\KCG\GenericInputChanged_MTC_Utils_float64.c, line 0, character 0
 ~J:\Modelisation_Surveillance\Modelisation_Surveillance_MTC_INST\KCG\KCG\GenericInputChanged_MTC_Utils_float64.c
  at file J:\Modelisation_Surveillance\Modelisation_Surveillance_MTC_INST\KCG\KCG\_2_GenericInputChanged_MTC_Utils_float643.c, line 0, character 0
 ~J:\Modelisation_Surveillance\Modelisation_Surveillance_MTC_INST\KCG\KCG\_2_GenericInputChanged_MTC_Utils_float643.c
  at file J:\Modelisation_Surveillance\Modelisation_Surveillance_MTC_INST\KCG\KCG\_3_GenericInputChanged_MTC_Utils_float64310.c, line 0, character 0
 ~J:\Modelisation_Surveillance\Modelisation_Surveillance_MTC_INST\KCG\KCG\_3_GenericInputChanged_MTC_Utils_float64310.c
  at file J:\Modelisation_Surveillance\Modelisation_Surveillance_MTC_INST\KCG\KCG\mtcw_cov_reset.h, line 0, character 0
 ~J:\Modelisation_Surveillance\Modelisation_Surveillance_MTC_INST\KCG\KCG\mtcw_cov_reset.h
  at file J:\Modelisation_Surveillance\Modelisation_Surveillance_MTC_INST\KCG\KCG\mtcw_cov_reset.c, line 0, character 0
 ~J:\Modelisation_Surveillance\Modelisation_Surveillance_MTC_INST\KCG\KCG\mtcw_cov_reset.c
*** Generated Files Information (GENFIL): Build Generated files
  at file J:\Modelisation_Surveillance\Modelisation_Surveillance_MTC_INST\KCG\KCG\Makefile_win64, line 0, character 0
 ~Makefile_win64
  at file J:\Modelisation_Surveillance\Modelisation_Surveillance_MTC_INST\KCG\KCG\Controller.dll, line 0, character 0
 ~Controller.dll
  at file J:\Modelisation_Surveillance\Modelisation_Surveillance_MTC_INST\KCG\KCG\Controller.exe, line 0, character 0
 ~Controller.exe
$**************  SCADETOC Version 19.2 (build 20180628) **************
** Generation date: 2020-02-07T16:47:08
** sc2c.log
*************************************************************$
