$**************  SCADETOC Version 19.2 (build 20180628) **************
** Generation date: 2020-02-06T17:29:06
** Command: scade -code "J:\Modelisation_Surveillance\Modelisation_Surveillance_TEE.etp" -conf KCG -build -all
*************************************************************$
*** Generated Files Information (GENFIL): KCG- Generated files
  at file J:\Modelisation_Surveillance\KCG\mapping.xml, line 0, character 0
 ~mapping.xml
  at file J:\Modelisation_Surveillance\KCG\kcg_metrics.txt, line 0, character 0
 ~kcg_metrics.txt
  at file J:\Modelisation_Surveillance\KCG\Controller.c, line 0, character 0
 ~Controller.c
  at file J:\Modelisation_Surveillance\KCG\Push_Table.c, line 0, character 0
 ~Push_Table.c
  at file J:\Modelisation_Surveillance\KCG\Mean_10_Table.c, line 0, character 0
 ~Mean_10_Table.c
  at file J:\Modelisation_Surveillance\KCG\Vote_Alog.c, line 0, character 0
 ~Vote_Alog.c
  at file J:\Modelisation_Surveillance\KCG\Calculated_value.c, line 0, character 0
 ~Calculated_value.c
  at file J:\Modelisation_Surveillance\KCG\Check_Delta_3.c, line 0, character 0
 ~Check_Delta_3.c
  at file J:\Modelisation_Surveillance\KCG\Check_interval_pH.c, line 0, character 0
 ~Check_interval_pH.c
  at file J:\Modelisation_Surveillance\KCG\Check_interval_Temperature.c, line 0, character 0
 ~Check_interval_Temperature.c
  at file J:\Modelisation_Surveillance\KCG\Check_interval_Redox.c, line 0, character 0
 ~Check_interval_Redox.c
  at file J:\Modelisation_Surveillance\KCG\Controller.h, line 0, character 0
 ~Controller.h
  at file J:\Modelisation_Surveillance\KCG\Push_Table.h, line 0, character 0
 ~Push_Table.h
  at file J:\Modelisation_Surveillance\KCG\Mean_10_Table.h, line 0, character 0
 ~Mean_10_Table.h
  at file J:\Modelisation_Surveillance\KCG\Vote_Alog.h, line 0, character 0
 ~Vote_Alog.h
  at file J:\Modelisation_Surveillance\KCG\Calculated_value.h, line 0, character 0
 ~Calculated_value.h
  at file J:\Modelisation_Surveillance\KCG\Check_Delta_3.h, line 0, character 0
 ~Check_Delta_3.h
  at file J:\Modelisation_Surveillance\KCG\Check_interval_pH.h, line 0, character 0
 ~Check_interval_pH.h
  at file J:\Modelisation_Surveillance\KCG\Check_interval_Temperature.h, line 0, character 0
 ~Check_interval_Temperature.h
  at file J:\Modelisation_Surveillance\KCG\Check_interval_Redox.h, line 0, character 0
 ~Check_interval_Redox.h
  at file J:\Modelisation_Surveillance\KCG\kcg_types.h, line 0, character 0
 ~kcg_types.h
  at file J:\Modelisation_Surveillance\KCG\kcg_consts.h, line 0, character 0
 ~kcg_consts.h
  at file J:\Modelisation_Surveillance\KCG\kcg_sensors.h, line 0, character 0
 ~kcg_sensors.h
  at file J:\Modelisation_Surveillance\KCG\kcg_types.c, line 0, character 0
 ~kcg_types.c
  at file J:\Modelisation_Surveillance\KCG\kcg_consts.c, line 0, character 0
 ~kcg_consts.c
  at file J:\Modelisation_Surveillance\KCG\kcg_xml_filter_out.scade, line 0, character 0
 ~kcg_xml_filter_out.scade
  at file J:\Modelisation_Surveillance\KCG\config.txt, line 0, character 0
 ~config.txt
*** Generated Files Information (GENFIL): Code Generator Generated files
  at file J:\Modelisation_Surveillance\KCG\user_macros.h, line 0, character 0
 ~user_macros.h
  at file J:\Modelisation_Surveillance\KCG\kcg_imported_types.h, line 0, character 0
 ~kcg_imported_types.h
  at file J:\Modelisation_Surveillance\KCG\sc2c.log, line 0, character 0
 ~sc2c.log
  at file J:\Modelisation_Surveillance\KCG\sc2c_integration_files.txt, line 0, character 0
 ~sc2c_integration_files.txt
*** Generated Files Information (GENFIL): Type Utils Generated files
  at file J:\Modelisation_Surveillance\KCG\Modelisation_Surveillance_TEE_type.h, line 0, character 0
 ~Modelisation_Surveillance_TEE_type.h
  at file J:\Modelisation_Surveillance\KCG\Modelisation_Surveillance_TEE_type.c, line 0, character 0
 ~Modelisation_Surveillance_TEE_type.c
*** Generated Files Information (GENFIL): Mapping Utils Generated files
  at file J:\Modelisation_Surveillance\KCG\Modelisation_Surveillance_TEE_mapping.h, line 0, character 0
 ~Modelisation_Surveillance_TEE_mapping.h
  at file J:\Modelisation_Surveillance\KCG\Modelisation_Surveillance_TEE_mapping.c, line 0, character 0
 ~Modelisation_Surveillance_TEE_mapping.c
*** Generated Files Information (GENFIL): TEE Generated files
  at file J:\Modelisation_Surveillance\KCG\Modelisation_Surveillance_TEE_interface.h, line 0, character 0
 ~Modelisation_Surveillance_TEE_interface.h
  at file J:\Modelisation_Surveillance\KCG\Modelisation_Surveillance_TEE_interface.c, line 0, character 0
 ~Modelisation_Surveillance_TEE_interface.c
  at file J:\Modelisation_Surveillance\KCG\Modelisation_Surveillance_TEE_dll.c, line 0, character 0
 ~Modelisation_Surveillance_TEE_dll.c
*** Generated Files Information (GENFIL): Build Generated files
  at file J:\Modelisation_Surveillance\KCG\Makefile_win64, line 0, character 0
 ~Makefile_win64
  at file J:\Modelisation_Surveillance\KCG\Controller.dll, line 0, character 0
 ~Controller.dll
$**************  SCADETOC Version 19.2 (build 20180628) **************
** Generation date: 2020-02-06T17:29:22
** sc2c.log
*************************************************************$
