$**************  SCADETOC Version 19.2 (build 20180628) **************
** Generation date: 2020-02-07T15:37:17
** Command: scade -code "J:\Modelisation_Surveillance\Modelisation_Surveillance.etp" -root Controller -conf Simulation
*************************************************************$
*** Generated Files Information (GENFIL): KCG- Generated files
  at file J:\Modelisation_Surveillance\Simulation\mapping.xml, line 0, character 0
 ~mapping.xml
  at file J:\Modelisation_Surveillance\Simulation\kcg_metrics.txt, line 0, character 0
 ~kcg_metrics.txt
  at file J:\Modelisation_Surveillance\Simulation\Controller.c, line 0, character 0
 ~Controller.c
  at file J:\Modelisation_Surveillance\Simulation\Push_Table.c, line 0, character 0
 ~Push_Table.c
  at file J:\Modelisation_Surveillance\Simulation\Mean_10_Table.c, line 0, character 0
 ~Mean_10_Table.c
  at file J:\Modelisation_Surveillance\Simulation\Vote_Alog.c, line 0, character 0
 ~Vote_Alog.c
  at file J:\Modelisation_Surveillance\Simulation\Calculated_value.c, line 0, character 0
 ~Calculated_value.c
  at file J:\Modelisation_Surveillance\Simulation\Check_Delta_3.c, line 0, character 0
 ~Check_Delta_3.c
  at file J:\Modelisation_Surveillance\Simulation\Check_interval_pH.c, line 0, character 0
 ~Check_interval_pH.c
  at file J:\Modelisation_Surveillance\Simulation\Check_interval_Temperature.c, line 0, character 0
 ~Check_interval_Temperature.c
  at file J:\Modelisation_Surveillance\Simulation\Check_interval_Redox.c, line 0, character 0
 ~Check_interval_Redox.c
  at file J:\Modelisation_Surveillance\Simulation\Controller.h, line 0, character 0
 ~Controller.h
  at file J:\Modelisation_Surveillance\Simulation\Push_Table.h, line 0, character 0
 ~Push_Table.h
  at file J:\Modelisation_Surveillance\Simulation\Mean_10_Table.h, line 0, character 0
 ~Mean_10_Table.h
  at file J:\Modelisation_Surveillance\Simulation\Vote_Alog.h, line 0, character 0
 ~Vote_Alog.h
  at file J:\Modelisation_Surveillance\Simulation\Calculated_value.h, line 0, character 0
 ~Calculated_value.h
  at file J:\Modelisation_Surveillance\Simulation\Check_Delta_3.h, line 0, character 0
 ~Check_Delta_3.h
  at file J:\Modelisation_Surveillance\Simulation\Check_interval_pH.h, line 0, character 0
 ~Check_interval_pH.h
  at file J:\Modelisation_Surveillance\Simulation\Check_interval_Temperature.h, line 0, character 0
 ~Check_interval_Temperature.h
  at file J:\Modelisation_Surveillance\Simulation\Check_interval_Redox.h, line 0, character 0
 ~Check_interval_Redox.h
  at file J:\Modelisation_Surveillance\Simulation\kcg_types.h, line 0, character 0
 ~kcg_types.h
  at file J:\Modelisation_Surveillance\Simulation\kcg_consts.h, line 0, character 0
 ~kcg_consts.h
  at file J:\Modelisation_Surveillance\Simulation\kcg_sensors.h, line 0, character 0
 ~kcg_sensors.h
  at file J:\Modelisation_Surveillance\Simulation\kcg_types.c, line 0, character 0
 ~kcg_types.c
  at file J:\Modelisation_Surveillance\Simulation\kcg_consts.c, line 0, character 0
 ~kcg_consts.c
  at file J:\Modelisation_Surveillance\Simulation\config.txt, line 0, character 0
 ~config.txt
*** Generated Files Information (GENFIL): Code Generator Generated files
  at file J:\Modelisation_Surveillance\Simulation\user_macros.h, line 0, character 0
 ~user_macros.h
  at file J:\Modelisation_Surveillance\Simulation\kcg_imported_types.h, line 0, character 0
 ~kcg_imported_types.h
  at file J:\Modelisation_Surveillance\Simulation\sc2c.log, line 0, character 0
 ~sc2c.log
  at file J:\Modelisation_Surveillance\Simulation\sc2c_integration_files.txt, line 0, character 0
 ~sc2c_integration_files.txt
*** Generated Files Information (GENFIL): Type Utils Generated files
  at file J:\Modelisation_Surveillance\Simulation\Modelisation_Surveillance_type.h, line 0, character 0
 ~Modelisation_Surveillance_type.h
  at file J:\Modelisation_Surveillance\Simulation\Modelisation_Surveillance_type.c, line 0, character 0
 ~Modelisation_Surveillance_type.c
*** Generated Files Information (GENFIL): Mapping Utils Generated files
  at file J:\Modelisation_Surveillance\Simulation\Modelisation_Surveillance_mapping.h, line 0, character 0
 ~Modelisation_Surveillance_mapping.h
  at file J:\Modelisation_Surveillance\Simulation\Modelisation_Surveillance_mapping.c, line 0, character 0
 ~Modelisation_Surveillance_mapping.c
*** Generated Files Information (GENFIL): Simulator Generated files
  at file J:\Modelisation_Surveillance\Simulation\Modelisation_Surveillance_interface.h, line 0, character 0
 ~Modelisation_Surveillance_interface.h
  at file J:\Modelisation_Surveillance\Simulation\Modelisation_Surveillance_interface.c, line 0, character 0
 ~Modelisation_Surveillance_interface.c
  at file J:\Modelisation_Surveillance\Simulation\Modelisation_Surveillance_dll.c, line 0, character 0
 ~Modelisation_Surveillance_dll.c
$**************  SCADETOC Version 19.2 (build 20180628) **************
** Generation date: 2020-02-07T15:37:29
** sc2c.log
*************************************************************$
